HTTP_SEND_GET [USER_AGENT #TID1310562112] - 2022-01-2T14:14:04.887Z - https://discord.com/api/v9/users/@me
User-Agent: Orca (https://github.com/cee-studio/orca)
Authorization: Bot OTI0MzAyNTQyOTgzMjc4NjAy.Yccl0g.s5mA3Xdy5IJh9VY8Bfa--Z5_c-I
Content-Type: application/json

@@@_1_@@@
HTTP_RCV_OK(200) [USER_AGENT #TID1310562112] - 2022-01-2T14:14:05.028Z - https://discord.com/api/v9/users/@me
Date: Sun, 02 Jan 2022 14:14:05 GMT
Content-Type: application/json
Transfer-Encoding: chunked
Connection: keep-alive
CF-Ray: 6c749778ca3cf31d-ATL
Set-Cookie: __dcfduid=3d79a8926bd611ecb9b542010a0a04c6; Expires=Fri, 01-Jan-2027 14:14:04 GMT; Max-Age=157680000; Secure; HttpOnly; Path=/
Strict-Transport-Security: max-age=31536000; includeSubDomains; preload
Via: 1.1 google
CF-Cache-Status: DYNAMIC
Alt-Svc: h3=":443"; ma=86400, h3-29=":443"; ma=86400, h3-28=":443"; ma=86400, h3-27=":443"; ma=86400
Expect-CT: max-age=604800, report-uri="https://report-uri.cloudflare.com/cdn-cgi/beacon/expect-ct"
Set-Cookie: __sdcfduid=3d79a8926bd611ecb9b542010a0a04c6a81407f7692b7df379a5bd1b5a1973e4d4d112f4ee9ce32f0fbd2bf7f5021f54; Expires=Fri, 01-Jan-2027 14:14:04 GMT; Max-Age=157680000; Secure; HttpOnly; Path=/
X-Content-Type-Options: nosniff
x-envoy-upstream-service-time: 21
Report-To: {"endpoints":[{"url":"https:\/\/a.nel.cloudflare.com\/report\/v3?s=%2BsMOB0tcZU2%2FSscyAb0PT4ZB8HhnGZGuC%2B8UT8D2bVjQZudtxV3NjQSBPeE9ESqXLKAhF6hW5VhsX0OB7RJzMaQ8YCH31ebGfPaOwgwH2%2F%2FkwuuSHSWKemYFPk4Y"}],"group":"cf-nel","max_age":604800}
NEL: {"success_fraction":0,"report_to":"cf-nel","max_age":604800}
Server: cloudflare

{"id": "924302542983278602", "username": "viktor hater", "avatar": "b7c0870f8ba2518e46ef218c11841f2c", "discriminator": "2820", "public_flags": 0, "flags": 0, "bot": true, "banner": null, "banner_color": null, "accent_color": null, "bio": "", "locale": "en-US", "mfa_enabled": true, "email": null, "verified": true}
@@@_2_@@@
HTTP_SEND_GET [USER_AGENT #TID1310562112] - 2022-01-2T14:14:05.028Z - https://discord.com/api/v9/gateway/bot
User-Agent: Orca (https://github.com/cee-studio/orca)
Authorization: Bot OTI0MzAyNTQyOTgzMjc4NjAy.Yccl0g.s5mA3Xdy5IJh9VY8Bfa--Z5_c-I
Content-Type: application/json

@@@_3_@@@
HTTP_RCV_OK(200) [USER_AGENT #TID1310562112] - 2022-01-2T14:14:05.078Z - https://discord.com/api/v9/gateway/bot
Date: Sun, 02 Jan 2022 14:14:05 GMT
Content-Type: application/json
Transfer-Encoding: chunked
Connection: keep-alive
set-cookie: __dcfduid=3e11db426bd611ecb53742010a0a01d7; Expires=Fri, 01-Jan-2027 14:14:05 GMT; Max-Age=157680000; Secure; HttpOnly; Path=/
set-cookie: __sdcfduid=3e11db426bd611ecb53742010a0a01d76815c64c77438299443d58773c8696a53b3051d33d6dc392288c1ea9d5b174a9; Expires=Fri, 01-Jan-2027 14:14:05 GMT; Max-Age=157680000; Secure; HttpOnly; Path=/
strict-transport-security: max-age=31536000; includeSubDomains; preload
x-ratelimit-bucket: 41f9cd5d28af77da04563bcb1d67fdfd
x-ratelimit-limit: 2
x-ratelimit-remaining: 1
x-ratelimit-reset: 1641132850.060
x-ratelimit-reset-after: 5.000
x-envoy-upstream-service-time: 10
Via: 1.1 google
Alt-Svc: h3=":443"; ma=86400, h3-29=":443"; ma=86400, h3-28=":443"; ma=86400, h3-27=":443"; ma=86400
CF-Cache-Status: DYNAMIC
Expect-CT: max-age=604800, report-uri="https://report-uri.cloudflare.com/cdn-cgi/beacon/expect-ct"
Report-To: {"endpoints":[{"url":"https:\/\/a.nel.cloudflare.com\/report\/v3?s=hOJdGXrZy4FyGjqeXuNV5c8ymPQ7FeDKrKMvMV1QDnAQb5V6GZdOUQ2glsUFIJI2IYsls1Tm80Qj5eCtOuELZUX7XKqpTf6P0m9k%2B%2Bx3Pief%2BPrpdzpY3q89h9ls"}],"group":"cf-nel","max_age":604800}
NEL: {"success_fraction":0,"report_to":"cf-nel","max_age":604800}
X-Content-Type-Options: nosniff
Server: cloudflare
CF-RAY: 6c7497797ae3f31d-ATL

{"url": "wss://gateway.discord.gg", "shards": 1, "session_start_limit": {"total": 1000, "remaining": 950, "reset_after": 4565328, "max_concurrency": 1}}
@@@_4_@@@
WS_RCV_CONNECT [WEBSOCKETS #TID1310562112] - 2022-01-2T14:14:05.160Z - wss://gateway.discord.gg/?v=9&encoding=json

@@@_5_@@@
WS_RCV_TEXT [WEBSOCKETS #TID1310562112] - 2022-01-2T14:14:05.160Z - wss://gateway.discord.gg/?v=9&encoding=json
{"t":null,"s":null,"op":10,"d":{"heartbeat_interval":41250,"_trace":["[\"gateway-prd-main-b5mb\",{\"micros\":0.0}]"]}}
@@@_6_@@@
WS_SEND_TEXT [WEBSOCKETS #TID1310562112] - 2022-01-2T14:14:05.160Z - wss://gateway.discord.gg/?v=9&encoding=json
{"op":2,"d":{"token":"OTI0MzAyNTQyOTgzMjc4NjAy.Yccl0g.s5mA3Xdy5IJh9VY8Bfa--Z5_c-I","properties":{"$os":"POSIX","$browser":"orca","$device":"orca"},"compress":false,"large_threshold":0,"guild_subscriptions":false,"presence":{"since":"2022-01-2T14:14:04.886Z","status":"online","afk":false},"intents":4608}}
@@@_7_@@@
WS_RCV_TEXT [WEBSOCKETS #TID1310562112] - 2022-01-2T14:14:05.269Z - wss://gateway.discord.gg/?v=9&encoding=json
{"t":"READY","s":1,"op":0,"d":{"v":9,"user_settings":{},"user":{"verified":true,"username":"viktor hater","mfa_enabled":true,"id":"924302542983278602","flags":0,"email":null,"discriminator":"2820","bot":true,"avatar":"b7c0870f8ba2518e46ef218c11841f2c"},"session_id":"1bbe4aecd8ac6493b5bc256aa732337b","relationships":[],"private_channels":[],"presences":[],"guilds":[{"unavailable":true,"id":"774344811179933706"},{"unavailable":true,"id":"924731053690736640"}],"guild_join_requests":[],"geo_ordered_rtc_regions":["atlanta","us-east","newark","us-central","us-south"],"application":{"id":"924302542983278602","flags":262144},"_trace":["[\"gateway-prd-main-b5mb\",{\"micros\":86939,\"calls\":[\"discord-sessions-blue-prd-2-29\",{\"micros\":70332,\"calls\":[\"start_session\",{\"micros\":39398,\"calls\":[\"api-prd-main-1t4r\",{\"micros\":35552,\"calls\":[\"get_user\",{\"micros\":3186},\"add_authorized_ip\",{\"micros\":2852},\"get_guilds\",{\"micros\":6392},\"coros_wait\",{\"micros\":2}]}]},\"guilds_connect\",{\"micros\":1,\"calls\":[]},\"presence_connect\",{\"micros\":15275,\"calls\":[]}]}]}]"]}}
@@@_8_@@@
WS_SEND_TEXT [WEBSOCKETS #TID1310562112] - 2022-01-2T14:14:05.269Z - wss://gateway.discord.gg/?v=9&encoding=json
{"op":1,"d":1}
@@@_9_@@@
WS_RCV_TEXT [WEBSOCKETS #TID1310562112] - 2022-01-2T14:14:05.292Z - wss://gateway.discord.gg/?v=9&encoding=json
{"t":null,"s":null,"op":11,"d":null}
@@@_10_@@@
WS_RCV_TEXT [WEBSOCKETS #TID1310562112] - 2022-01-2T14:14:09.409Z - wss://gateway.discord.gg/?v=9&encoding=json
{"t":"MESSAGE_CREATE","s":2,"op":0,"d":{"type":0,"tts":false,"timestamp":"2022-01-02T14:14:09.358000+00:00","referenced_message":null,"pinned":false,"nonce":"927203116963594240","mentions":[],"mention_roles":[],"mention_everyone":false,"member":{"roles":[],"premium_since":null,"pending":false,"nick":null,"mute":false,"joined_at":"2021-12-26T18:31:03.877000+00:00","hoisted_role":null,"deaf":false,"communication_disabled_until":null,"avatar":null},"id":"927203115592196096","flags":0,"embeds":[],"edited_timestamp":null,"content":"hey viktor","components":[],"channel_id":"924731279893729280","author":{"username":"sabotack","public_flags":256,"id":"150314037975056384","discriminator":"3984","avatar":"1df8c7a37b078c290a2d5939996c042e"},"attachments":[],"guild_id":"924731053690736640"}}
@@@_11_@@@
HTTP_SEND_POST [USER_AGENT #TID1310562112] - 2022-01-2T14:14:09.409Z - https://discord.com/api/v9/channels/924731279893729280/messages
User-Agent: Orca (https://github.com/cee-studio/orca)
Authorization: Bot OTI0MzAyNTQyOTgzMjc4NjAy.Yccl0g.s5mA3Xdy5IJh9VY8Bfa--Z5_c-I
Content-Type: application/json
{"content":"i just hate viktor so much"}
@@@_12_@@@
HTTP_RCV_OK(200) [USER_AGENT #TID1310562112] - 2022-01-2T14:14:09.560Z - https://discord.com/api/v9/channels/924731279893729280/messages
Date: Sun, 02 Jan 2022 14:14:09 GMT
Content-Type: application/json
Transfer-Encoding: chunked
Connection: keep-alive
set-cookie: __dcfduid=40736ee16bd611ecaf1642010a0a0774; Expires=Fri, 01-Jan-2027 14:14:09 GMT; Max-Age=157680000; Secure; HttpOnly; Path=/
set-cookie: __sdcfduid=40736ee16bd611ecaf1642010a0a0774a39309e353b58782fdac985184c70bb6a11b55b1d6a367b0548bfcc7d64acbad; Expires=Fri, 01-Jan-2027 14:14:09 GMT; Max-Age=157680000; Secure; HttpOnly; Path=/
strict-transport-security: max-age=31536000; includeSubDomains; preload
x-ratelimit-bucket: a06de0de4a08126315431cc0c55ee3dc
x-ratelimit-limit: 5
x-ratelimit-remaining: 4
x-ratelimit-reset: 1641132854.468
x-ratelimit-reset-after: 5.000
x-envoy-upstream-service-time: 115
Via: 1.1 google
Alt-Svc: h3=":443"; ma=86400, h3-29=":443"; ma=86400, h3-28=":443"; ma=86400, h3-27=":443"; ma=86400
CF-Cache-Status: DYNAMIC
Expect-CT: max-age=604800, report-uri="https://report-uri.cloudflare.com/cdn-cgi/beacon/expect-ct"
Report-To: {"endpoints":[{"url":"https:\/\/a.nel.cloudflare.com\/report\/v3?s=X28gm3XTXaRpQoD8xYOxutskUhmkD8awlZwWwMx3431MDj8nYjdn4H2Gqge0%2BPZc7tik7uzwCeohJQ618MwGpjU3Z3eizofwZIchQb0s7iqlHTp6mQ9q%2FoZ%2BOOR4"}],"group":"cf-nel","max_age":604800}
NEL: {"success_fraction":0,"report_to":"cf-nel","max_age":604800}
X-Content-Type-Options: nosniff
Server: cloudflare
CF-RAY: 6c749794d8c3f31d-ATL

{"id": "927203116212961280", "type": 0, "content": "i just hate viktor so much", "channel_id": "924731279893729280", "author": {"id": "924302542983278602", "username": "viktor hater", "avatar": "b7c0870f8ba2518e46ef218c11841f2c", "discriminator": "2820", "public_flags": 0, "bot": true}, "attachments": [], "embeds": [], "mentions": [], "mention_roles": [], "pinned": false, "mention_everyone": false, "tts": false, "timestamp": "2022-01-02T14:14:09.506000+00:00", "edited_timestamp": null, "flags": 0, "components": [], "referenced_message": null}
@@@_13_@@@
WS_RCV_TEXT [WEBSOCKETS #TID1310562112] - 2022-01-2T14:14:09.560Z - wss://gateway.discord.gg/?v=9&encoding=json
{"t":"MESSAGE_CREATE","s":3,"op":0,"d":{"type":0,"tts":false,"timestamp":"2022-01-02T14:14:09.506000+00:00","referenced_message":null,"pinned":false,"mentions":[],"mention_roles":[],"mention_everyone":false,"member":{"roles":["926960181722628118"],"premium_since":null,"pending":false,"nick":null,"mute":false,"joined_at":"2022-01-01T22:08:49.476773+00:00","hoisted_role":null,"deaf":false,"communication_disabled_until":null,"avatar":null},"id":"927203116212961280","flags":0,"embeds":[],"edited_timestamp":null,"content":"i just hate viktor so much","components":[],"channel_id":"924731279893729280","author":{"username":"viktor hater","public_flags":0,"id":"924302542983278602","discriminator":"2820","bot":true,"avatar":"b7c0870f8ba2518e46ef218c11841f2c"},"attachments":[],"guild_id":"924731053690736640"}}
@@@_14_@@@
